<?xml version="1.0" encoding="UTF-8"?>
<!-- Generated by org.testng.reporters.JUnitXMLReporter -->
<testsuite hostname="DESKTOP-AIBD1RS" ignored="0" name="home Page" tests="2" failures="1" timestamp="15 Nov 2020 12:49:22 GMT" time="15.02" errors="0">
  <testcase name="data" time="3.135" classname="test.homePage">
    <failure type="java.lang.AssertionError" message="expected [GREENKART] but found [blukart]">
      <![CDATA[java.lang.AssertionError: expected [GREENKART] but found [blukart]
at test.homePage.data(homePage.java:44)
at java.util.concurrent.FutureTask.run(Unknown Source)
at java.util.concurrent.ThreadPoolExecutor.runWorker(Unknown Source)
at java.util.concurrent.ThreadPoolExecutor$Worker.run(Unknown Source)
at java.lang.Thread.run(Unknown Source)
... Removed 22 stack frames]]>
    </failure>
  </testcase> <!-- data -->
  <testcase name="homePageClick" time="0.221" classname="test.homePage"/>
</testsuite> <!-- home Page -->
