<?xml version="1.0" encoding="UTF-8"?>
<!-- Generated by org.testng.reporters.JUnitXMLReporter -->
<testsuite hostname="DESKTOP-AIBD1RS" ignored="0" name="Test" tests="3" failures="1" timestamp="15 Nov 2020 12:00:43 GMT" time="27.698" errors="0">
  <testcase name="Veg" time="0.419" classname="test.cartPage"/>
  <testcase name="data" time="3.082" classname="test.homePage">
    <failure type="java.lang.AssertionError" message="expected [GREENKART] but found [blukart]">
      <![CDATA[java.lang.AssertionError: expected [GREENKART] but found [blukart]
at test.homePage.data(homePage.java:41)
... Removed 31 stack frames]]>
    </failure>
  </testcase> <!-- data -->
  <testcase name="homePageClick" time="0.266" classname="test.homePage"/>
</testsuite> <!-- Test -->
