<?xml version="1.0" encoding="UTF-8"?>
<testng-results skipped="0" failed="1" ignored="0" total="3" passed="2">
  <reporter-output>
  </reporter-output>
  <suite name="Suite" duration-ms="23315" started-at="2020-11-15T13:46:35Z" finished-at="2020-11-15T13:46:58Z">
    <groups>
    </groups>
    <test name="cart Page" duration-ms="20773" started-at="2020-11-15T13:46:35Z" finished-at="2020-11-15T13:46:55Z">
      <class name="test.cartPage">
        <test-method status="PASS" signature="setup()[pri:0, instance:test.cartPage@436c81a3]" name="setup" is-config="true" duration-ms="15660" started-at="2020-11-15T13:46:35Z" finished-at="2020-11-15T13:46:50Z">
          <reporter-output>
          </reporter-output>
        </test-method> <!-- setup -->
        <test-method status="PASS" signature="Veg()[pri:0, instance:test.cartPage@436c81a3]" name="Veg" duration-ms="418" started-at="2020-11-15T13:46:50Z" finished-at="2020-11-15T13:46:51Z">
          <reporter-output>
          </reporter-output>
        </test-method> <!-- Veg -->
        <test-method status="PASS" signature="teardown()[pri:0, instance:test.cartPage@436c81a3]" name="teardown" is-config="true" duration-ms="4627" started-at="2020-11-15T13:46:51Z" finished-at="2020-11-15T13:46:55Z">
          <reporter-output>
          </reporter-output>
        </test-method> <!-- teardown -->
      </class> <!-- test.cartPage -->
    </test> <!-- cart Page -->
    <test name="home Page" duration-ms="23315" started-at="2020-11-15T13:46:35Z" finished-at="2020-11-15T13:46:58Z">
      <class name="test.homePage">
        <test-method status="PASS" signature="setup()[pri:0, instance:test.homePage@f107c50]" name="setup" is-config="true" duration-ms="17810" started-at="2020-11-15T13:46:35Z" finished-at="2020-11-15T13:46:52Z">
          <reporter-output>
          </reporter-output>
        </test-method> <!-- setup -->
        <test-method status="FAIL" signature="data(java.lang.String)[pri:0, instance:test.homePage@f107c50]" name="data" duration-ms="3117" started-at="2020-11-15T13:46:52Z" data-provider="getdata" finished-at="2020-11-15T13:46:56Z">
          <params>
            <param index="0">
              <value>
                <![CDATA[Wheat]]>
              </value>
            </param>
          </params>
          <exception class="java.lang.AssertionError">
            <message>
              <![CDATA[expected [GREENKART] but found [blukart]]]>
            </message>
            <full-stacktrace>
              <![CDATA[java.lang.AssertionError: expected [GREENKART] but found [blukart]
at org.testng.Assert.fail(Assert.java:96)
at org.testng.Assert.failNotEquals(Assert.java:776)
at org.testng.Assert.assertEqualsImpl(Assert.java:137)
at org.testng.Assert.assertEquals(Assert.java:118)
at org.testng.Assert.assertEquals(Assert.java:453)
at org.testng.Assert.assertEquals(Assert.java:463)
at test.homePage.data(homePage.java:44)
at sun.reflect.NativeMethodAccessorImpl.invoke0(Native Method)
at sun.reflect.NativeMethodAccessorImpl.invoke(Unknown Source)
at sun.reflect.DelegatingMethodAccessorImpl.invoke(Unknown Source)
at java.lang.reflect.Method.invoke(Unknown Source)
at org.testng.internal.MethodInvocationHelper.invokeMethod(MethodInvocationHelper.java:124)
at org.testng.internal.Invoker.invokeMethod(Invoker.java:583)
at org.testng.internal.Invoker.invokeTestMethod(Invoker.java:719)
at org.testng.internal.Invoker.invokeTestMethods(Invoker.java:989)
at org.testng.internal.TestMethodWorker.invokeTestMethods(TestMethodWorker.java:125)
at org.testng.internal.TestMethodWorker.run(TestMethodWorker.java:109)
at org.testng.TestRunner.privateRun(TestRunner.java:648)
at org.testng.TestRunner.run(TestRunner.java:505)
at org.testng.SuiteRunner.runTest(SuiteRunner.java:455)
at org.testng.SuiteRunner.access$000(SuiteRunner.java:40)
at org.testng.SuiteRunner$SuiteWorker.run(SuiteRunner.java:489)
at org.testng.internal.thread.ThreadUtil$1.call(ThreadUtil.java:52)
at java.util.concurrent.FutureTask.run(Unknown Source)
at java.util.concurrent.ThreadPoolExecutor.runWorker(Unknown Source)
at java.util.concurrent.ThreadPoolExecutor$Worker.run(Unknown Source)
at java.lang.Thread.run(Unknown Source)
]]>
            </full-stacktrace>
          </exception> <!-- java.lang.AssertionError -->
          <reporter-output>
          </reporter-output>
        </test-method> <!-- data -->
        <test-method status="PASS" signature="homePageClick()[pri:0, instance:test.homePage@f107c50]" name="homePageClick" duration-ms="520" started-at="2020-11-15T13:46:56Z" finished-at="2020-11-15T13:46:57Z">
          <reporter-output>
          </reporter-output>
        </test-method> <!-- homePageClick -->
        <test-method status="PASS" signature="teardown()[pri:0, instance:test.homePage@f107c50]" name="teardown" is-config="true" duration-ms="1149" started-at="2020-11-15T13:46:57Z" finished-at="2020-11-15T13:46:58Z">
          <reporter-output>
          </reporter-output>
        </test-method> <!-- teardown -->
      </class> <!-- test.homePage -->
    </test> <!-- home Page -->
  </suite> <!-- Suite -->
</testng-results>
